Arguments: 
  C:\Program Files\nodejs\node.exe C:\Users\vitor.282916\AppData\Roaming\npm\node_modules\yarn\bin\yarn.js add react-native-gesture-handler react-native-reanimated react-nativescreens react-native-safe-area-context @react-native-community/masked-view

PATH: 
  C:\app\Administrador\product\21c\dbhomeXE\bin;C:\Program Files\Python311\Scripts\;C:\Program Files\Python311\;C:\Program Files\Common Files\Oracle\Java\javapath;C:\Program Files (x86)\NVIDIA Corporation\PhysX\Common;C:\Program Files (x86)\Common Files\Oracle\Java\javapath;C:\Windows\system32;C:\Windows;C:\Windows\System32\Wbem;C:\Windows\System32\WindowsPowerShell\v1.0\;C:\Windows\System32\OpenSSH\;C:\Program Files\dotnet\;C:\Program Files\Microsoft SQL Server\Client SDK\ODBC\170\Tools\Binn\;C:\Program Files (x86)\Microsoft SQL Server\150\Tools\Binn\;C:\Program Files\Microsoft SQL Server\150\Tools\Binn\;C:\Program Files\Microsoft SQL Server\150\DTS\Binn\;C:\Program Files (x86)\Windows Kits\8.1\Windows Performance Toolkit\;C:\Program Files\Microsoft SQL Server\120\Tools\Binn\;C:\Program Files\Microsoft SQL Server\Client SDK\ODBC\110\Tools\Binn\;C:\Program Files\nodejs\;C:\Program Files\Microsoft VS Code\bin;C:\Program Files\Common Files\Autodesk Shared\;C:\Program Files\Git\cmd;C:\Users\vitor.282916\AppData\Local\Microsoft\WindowsApps;C:\Users\vitor.282916\AppData\Local\GitHubDesktop\bin;C:\Users\vitor.282916\AppData\Roaming\npm;

Yarn version: 
  1.22.19

Node version: 
  18.12.1

Platform: 
  win32 x64

Trace: 
  TypeError [ERR_UNESCAPED_CHARACTERS]: https://registry.yarnpkg.com/react-nativescreens: Request path contains unescaped characters
      at new NodeError (node:internal/errors:393:5)
      at new ClientRequest (node:_http_client:182:13)
      at Object.request (node:https:360:10)
      at module.exports.Request.start (C:\Users\vitor.282916\AppData\Roaming\npm\node_modules\yarn\lib\cli.js:141452:32)
      at module.exports.Request.end (C:\Users\vitor.282916\AppData\Roaming\npm\node_modules\yarn\lib\cli.js:142211:10)
      at end (C:\Users\vitor.282916\AppData\Roaming\npm\node_modules\yarn\lib\cli.js:141265:14)
      at Immediate.<anonymous> (C:\Users\vitor.282916\AppData\Roaming\npm\node_modules\yarn\lib\cli.js:141279:7)
      at process.processImmediate (node:internal/timers:471:21)

npm manifest: 
  {
    "dependencies": {
      "@react-navigation/native": "^6.1.6",
      "@react-navigation/stack": "^6.3.16"
    }
  }

yarn manifest: 
  No manifest

Lockfile: 
  # THIS IS AN AUTOGENERATED FILE. DO NOT EDIT THIS FILE DIRECTLY.
  # yarn lockfile v1
  
  
  "@react-navigation/core@^6.4.8":
    version "6.4.8"
    resolved "https://registry.yarnpkg.com/@react-navigation/core/-/core-6.4.8.tgz#a18e106d3c59cdcfc4ce53f7344e219ed35c88ed"
    integrity sha512-klZ9Mcf/P2j+5cHMoGyIeurEzyBM2Uq9+NoSFrF6sdV5iCWHLFhrCXuhbBiQ5wVLCKf4lavlkd/DDs47PXs9RQ==
    dependencies:
      "@react-navigation/routers" "^6.1.8"
      escape-string-regexp "^4.0.0"
      nanoid "^3.1.23"
      query-string "^7.1.3"
      react-is "^16.13.0"
      use-latest-callback "^0.1.5"
  
  "@react-navigation/elements@^1.3.17":
    version "1.3.17"
    resolved "https://registry.yarnpkg.com/@react-navigation/elements/-/elements-1.3.17.tgz#9cb95765940f2841916fc71686598c22a3e4067e"
    integrity sha512-sui8AzHm6TxeEvWT/NEXlz3egYvCUog4tlXA4Xlb2Vxvy3purVXDq/XsM56lJl344U5Aj/jDzkVanOTMWyk4UA==
  
  "@react-navigation/native@^6.1.6":
    version "6.1.6"
    resolved "https://registry.yarnpkg.com/@react-navigation/native/-/native-6.1.6.tgz#84ff5cf85b91f660470fa9407c06c8ee393d5792"
    integrity sha512-14PmSy4JR8HHEk04QkxQ0ZLuqtiQfb4BV9kkMXD2/jI4TZ+yc43OnO6fQ2o9wm+Bq8pY3DxyerC2AjNUz+oH7Q==
    dependencies:
      "@react-navigation/core" "^6.4.8"
      escape-string-regexp "^4.0.0"
      fast-deep-equal "^3.1.3"
      nanoid "^3.1.23"
  
  "@react-navigation/routers@^6.1.8":
    version "6.1.8"
    resolved "https://registry.yarnpkg.com/@react-navigation/routers/-/routers-6.1.8.tgz#ae56b2678dbb5abca5bd7c95d6a8d1abc767cba2"
    integrity sha512-CEge+ZLhb1HBrSvv4RwOol7EKLW1QoqVIQlE9TN5MpxS/+VoQvP+cLbuz0Op53/iJfYhtXRFd1ZAd3RTRqto9w==
    dependencies:
      nanoid "^3.1.23"
  
  "@react-navigation/stack@^6.3.16":
    version "6.3.16"
    resolved "https://registry.yarnpkg.com/@react-navigation/stack/-/stack-6.3.16.tgz#cf94e3c8c1587455515743e91d328beef722e0ab"
    integrity sha512-KTOn9cNuZ6p154Htbl2DiR95Wl+c7niLPRiGs7gjOkyVDGiaGQF9ODNQTYBDE1OxZGHe/EyYc6T2CbmiItLWDg==
    dependencies:
      "@react-navigation/elements" "^1.3.17"
      color "^4.2.3"
      warn-once "^0.1.0"
  
  color-convert@^2.0.1:
    version "2.0.1"
    resolved "https://registry.yarnpkg.com/color-convert/-/color-convert-2.0.1.tgz#72d3a68d598c9bdb3af2ad1e84f21d896abd4de3"
    integrity sha512-RRECPsj7iu/xb5oKYcsFHSppFNnsj/52OVTRKb4zP5onXwVF3zVmmToNcOfGC+CRDpfK/U584fMg38ZHCaElKQ==
    dependencies:
      color-name "~1.1.4"
  
  color-name@^1.0.0, color-name@~1.1.4:
    version "1.1.4"
    resolved "https://registry.yarnpkg.com/color-name/-/color-name-1.1.4.tgz#c2a09a87acbde69543de6f63fa3995c826c536a2"
    integrity sha512-dOy+3AuW3a2wNbZHIuMZpTcgjGuLU/uBL/ubcZF9OXbDo8ff4O8yVp5Bf0efS8uEoYo5q4Fx7dY9OgQGXgAsQA==
  
  color-string@^1.9.0:
    version "1.9.1"
    resolved "https://registry.yarnpkg.com/color-string/-/color-string-1.9.1.tgz#4467f9146f036f855b764dfb5bf8582bf342c7a4"
    integrity sha512-shrVawQFojnZv6xM40anx4CkoDP+fZsw/ZerEMsW/pyzsRbElpsL/DBVW7q3ExxwusdNXI3lXpuhEZkzs8p5Eg==
    dependencies:
      color-name "^1.0.0"
      simple-swizzle "^0.2.2"
  
  color@^4.2.3:
    version "4.2.3"
    resolved "https://registry.yarnpkg.com/color/-/color-4.2.3.tgz#d781ecb5e57224ee43ea9627560107c0e0c6463a"
    integrity sha512-1rXeuUUiGGrykh+CeBdu5Ie7OJwinCgQY0bc7GCRxy5xVHy+moaqkpL/jqQq0MtQOeYcrqEz4abc5f0KtU7W4A==
    dependencies:
      color-convert "^2.0.1"
      color-string "^1.9.0"
  
  decode-uri-component@^0.2.2:
    version "0.2.2"
    resolved "https://registry.yarnpkg.com/decode-uri-component/-/decode-uri-component-0.2.2.tgz#e69dbe25d37941171dd540e024c444cd5188e1e9"
    integrity sha512-FqUYQ+8o158GyGTrMFJms9qh3CqTKvAqgqsTnkLI8sKu0028orqBhxNMFkFen0zGyg6epACD32pjVk58ngIErQ==
  
  escape-string-regexp@^4.0.0:
    version "4.0.0"
    resolved "https://registry.yarnpkg.com/escape-string-regexp/-/escape-string-regexp-4.0.0.tgz#14ba83a5d373e3d311e5afca29cf5bfad965bf34"
    integrity sha512-TtpcNJ3XAzx3Gq8sWRzJaVajRs0uVxA2YAkdb1jm2YkPz4G6egUFAyA3n5vtEIZefPk5Wa4UXbKuS5fKkJWdgA==
  
  fast-deep-equal@^3.1.3:
    version "3.1.3"
    resolved "https://registry.yarnpkg.com/fast-deep-equal/-/fast-deep-equal-3.1.3.tgz#3a7d56b559d6cbc3eb512325244e619a65c6c525"
    integrity sha512-f3qQ9oQy9j2AhBe/H9VC91wLmKBCCU/gDOnKNAYG5hswO7BLKj09Hc5HYNz9cGI++xlpDCIgDaitVs03ATR84Q==
  
  filter-obj@^1.1.0:
    version "1.1.0"
    resolved "https://registry.yarnpkg.com/filter-obj/-/filter-obj-1.1.0.tgz#9b311112bc6c6127a16e016c6c5d7f19e0805c5b"
    integrity sha512-8rXg1ZnX7xzy2NGDVkBVaAy+lSlPNwad13BtgSlLuxfIslyt5Vg64U7tFcCt4WS1R0hvtnQybT/IyCkGZ3DpXQ==
  
  is-arrayish@^0.3.1:
    version "0.3.2"
    resolved "https://registry.yarnpkg.com/is-arrayish/-/is-arrayish-0.3.2.tgz#4574a2ae56f7ab206896fb431eaeed066fdf8f03"
    integrity sha512-eVRqCvVlZbuw3GrM63ovNSNAeA1K16kaR/LRY/92w0zxQ5/1YzwblUX652i4Xs9RwAGjW9d9y6X88t8OaAJfWQ==
  
  nanoid@^3.1.23:
    version "3.3.6"
    resolved "https://registry.yarnpkg.com/nanoid/-/nanoid-3.3.6.tgz#443380c856d6e9f9824267d960b4236ad583ea4c"
    integrity sha512-BGcqMMJuToF7i1rt+2PWSNVnWIkGCU78jBG3RxO/bZlnZPK2Cmi2QaffxGO/2RvWi9sL+FAiRiXMgsyxQ1DIDA==
  
  query-string@^7.1.3:
    version "7.1.3"
    resolved "https://registry.yarnpkg.com/query-string/-/query-string-7.1.3.tgz#a1cf90e994abb113a325804a972d98276fe02328"
    integrity sha512-hh2WYhq4fi8+b+/2Kg9CEge4fDPvHS534aOOvOZeQ3+Vf2mCFsaFBYj0i+iXcAq6I9Vzp5fjMFBlONvayDC1qg==
    dependencies:
      decode-uri-component "^0.2.2"
      filter-obj "^1.1.0"
      split-on-first "^1.0.0"
      strict-uri-encode "^2.0.0"
  
  react-is@^16.13.0:
    version "16.13.1"
    resolved "https://registry.yarnpkg.com/react-is/-/react-is-16.13.1.tgz#789729a4dc36de2999dc156dd6c1d9c18cea56a4"
    integrity sha512-24e6ynE2H+OKt4kqsOvNd8kBpV65zoxbA4BVsEOB3ARVWQki/DHzaUoC5KuON/BiccDaCCTZBuOcfZs70kR8bQ==
  
  simple-swizzle@^0.2.2:
    version "0.2.2"
    resolved "https://registry.yarnpkg.com/simple-swizzle/-/simple-swizzle-0.2.2.tgz#a4da6b635ffcccca33f70d17cb92592de95e557a"
    integrity sha512-JA//kQgZtbuY83m+xT+tXJkmJncGMTFT+C+g2h2R9uxkYIrE2yy9sgmcLhCnw57/WSD+Eh3J97FPEDFnbXnDUg==
    dependencies:
      is-arrayish "^0.3.1"
  
  split-on-first@^1.0.0:
    version "1.1.0"
    resolved "https://registry.yarnpkg.com/split-on-first/-/split-on-first-1.1.0.tgz#f610afeee3b12bce1d0c30425e76398b78249a5f"
    integrity sha512-43ZssAJaMusuKWL8sKUBQXHWOpq8d6CfN/u1p4gUzfJkM05C8rxTmYrkIPTXapZpORA6LkkzcUulJ8FqA7Uudw==
  
  strict-uri-encode@^2.0.0:
    version "2.0.0"
    resolved "https://registry.yarnpkg.com/strict-uri-encode/-/strict-uri-encode-2.0.0.tgz#b9c7330c7042862f6b142dc274bbcc5866ce3546"
    integrity sha512-QwiXZgpRcKkhTj2Scnn++4PKtWsH0kpzZ62L2R6c/LUVYv7hVnZqcg2+sMuT6R7Jusu1vviK/MFsu6kNJfWlEQ==
  
  use-latest-callback@^0.1.5:
    version "0.1.6"
    resolved "https://registry.yarnpkg.com/use-latest-callback/-/use-latest-callback-0.1.6.tgz#3fa6e7babbb5f9bfa24b5094b22939e1e92ebcf6"
    integrity sha512-VO/P91A/PmKH9bcN9a7O3duSuxe6M14ZoYXgA6a8dab8doWNdhiIHzEkX/jFeTTRBsX0Ubk6nG4q2NIjNsj+bg==
  
  warn-once@^0.1.0:
    version "0.1.1"
    resolved "https://registry.yarnpkg.com/warn-once/-/warn-once-0.1.1.tgz#952088f4fb56896e73fd4e6a3767272a3fccce43"
    integrity sha512-VkQZJbO8zVImzYFteBXvBOZEl1qL175WH8VmZcxF2fZAoudNhNDvHi+doCaAEdU2l2vtcIwa2zn0QK5+I1HQ3Q==
